Started GET "/" for 127.0.0.1 at 2018-04-04 14:31:15 +0800
Processing by Rails::WelcomeController#index as HTML
  Rendering /Users/fincher/.rvm/gems/ruby-2.4.1/gems/railties-5.1.6/lib/rails/templates/rails/welcome/index.html.erb
  Rendered /Users/fincher/.rvm/gems/ruby-2.4.1/gems/railties-5.1.6/lib/rails/templates/rails/welcome/index.html.erb (3.6ms)
Completed 200 OK in 213ms (Views: 11.4ms)


  [1m[35m (0.4ms)[0m  [1m[34mSELECT sqlite_version(*)[0m
  [1m[35m (2.7ms)[0m  [1m[35mCREATE TABLE "schema_migrations" ("version" varchar NOT NULL PRIMARY KEY)[0m
  [1m[35m (1.1ms)[0m  [1m[35mCREATE TABLE "ar_internal_metadata" ("key" varchar NOT NULL PRIMARY KEY, "value" varchar, "created_at" datetime NOT NULL, "updated_at" datetime NOT NULL)[0m
  [1m[35m (0.3ms)[0m  [1m[34mSELECT "schema_migrations"."version" FROM "schema_migrations" ORDER BY "schema_migrations"."version" ASC[0m
Migrating to CreateUsers (20180404063414)
  [1m[35m (0.1ms)[0m  [1m[36mbegin transaction[0m
  [1m[35m (0.5ms)[0m  [1m[35mCREATE TABLE "users" ("id" INTEGER PRIMARY KEY AUTOINCREMENT NOT NULL, "name" varchar, "email" varchar, "password" varchar, "created_at" datetime NOT NULL, "updated_at" datetime NOT NULL)[0m
  [1m[35mSQL (0.2ms)[0m  [1m[32mINSERT INTO "schema_migrations" ("version") VALUES (?)[0m  [["version", "20180404063414"]]
  [1m[35m (1.0ms)[0m  [1m[36mcommit transaction[0m
  [1m[36mActiveRecord::InternalMetadata Load (0.1ms)[0m  [1m[34mSELECT  "ar_internal_metadata".* FROM "ar_internal_metadata" WHERE "ar_internal_metadata"."key" = ? LIMIT ?[0m  [["key", "environment"], ["LIMIT", 1]]
  [1m[35m (0.1ms)[0m  [1m[36mbegin transaction[0m
  [1m[35mSQL (0.5ms)[0m  [1m[32mINSERT INTO "ar_internal_metadata" ("key", "value", "created_at", "updated_at") VALUES (?, ?, ?, ?)[0m  [["key", "environment"], ["value", "development"], ["created_at", "2018-04-04 06:34:22.033962"], ["updated_at", "2018-04-04 06:34:22.033962"]]
  [1m[35m (1.6ms)[0m  [1m[36mcommit transaction[0m
  [1m[35m (0.1ms)[0m  [1m[34mSELECT "schema_migrations"."version" FROM "schema_migrations" ORDER BY "schema_migrations"."version" ASC[0m
Started GET "/users" for 127.0.0.1 at 2018-04-04 14:34:29 +0800
  [1m[35m (0.1ms)[0m  [1m[34mSELECT "schema_migrations"."version" FROM "schema_migrations" ORDER BY "schema_migrations"."version" ASC[0m
Processing by UsersController#index as HTML
  Rendering users/index.html.erb within layouts/application
  [1m[36mUser Load (0.2ms)[0m  [1m[34mSELECT "users".* FROM "users"[0m
  Rendered users/index.html.erb within layouts/application (2.0ms)
Completed 200 OK in 901ms (Views: 895.6ms | ActiveRecord: 0.4ms)


Started GET "/users" for 127.0.0.1 at 2018-04-04 14:38:07 +0800
Processing by UsersController#index as HTML
  Rendering users/index.html.erb within layouts/application
  [1m[36mUser Load (0.4ms)[0m  [1m[34mSELECT "users".* FROM "users"[0m
  Rendered users/index.html.erb within layouts/application (2.6ms)
Completed 200 OK in 61ms (Views: 56.9ms | ActiveRecord: 0.4ms)


Started GET "/users" for 127.0.0.1 at 2018-04-04 14:38:09 +0800
Processing by UsersController#index as HTML
  Rendering users/index.html.erb within layouts/application
  [1m[36mUser Load (0.2ms)[0m  [1m[34mSELECT "users".* FROM "users"[0m
  Rendered users/index.html.erb within layouts/application (1.4ms)
Completed 200 OK in 26ms (Views: 22.5ms | ActiveRecord: 0.2ms)


Started GET "/users" for 127.0.0.1 at 2018-04-04 14:42:10 +0800
Processing by UsersController#index as HTML
  Rendering users/index.html.erb within layouts/application
  [1m[36mUser Load (0.2ms)[0m  [1m[34mSELECT "users".* FROM "users"[0m
  Rendered users/index.html.erb within layouts/application (1.3ms)
Completed 500 Internal Server Error in 34ms (ActiveRecord: 0.2ms)


  
ActionView::Template::Error (couldn't find file 'jquery' with type 'application/javascript'
Checked in these paths: 
  /Users/fincher/Develop/Misc/some_school_homework/grade_4b/FlightBookingSystem/app/assets/config
  /Users/fincher/Develop/Misc/some_school_homework/grade_4b/FlightBookingSystem/app/assets/images
  /Users/fincher/Develop/Misc/some_school_homework/grade_4b/FlightBookingSystem/app/assets/javascripts
  /Users/fincher/Develop/Misc/some_school_homework/grade_4b/FlightBookingSystem/app/assets/stylesheets
  /Users/fincher/.rvm/gems/ruby-2.4.1/gems/coffee-rails-4.2.2/lib/assets/javascripts
  /Users/fincher/.rvm/gems/ruby-2.4.1/gems/actioncable-5.1.6/lib/assets/compiled
  /Users/fincher/.rvm/gems/ruby-2.4.1/gems/actionview-5.1.6/lib/assets/compiled
  /Users/fincher/.rvm/gems/ruby-2.4.1/gems/turbolinks-source-5.1.0/lib/assets/javascripts
  /Users/fincher/Develop/Misc/some_school_homework/grade_4b/FlightBookingSystem/node_modules):
     5:     <%= csrf_meta_tags %>
     6: 
     7:     <%= stylesheet_link_tag    'application', media: 'all', 'data-turbolinks-track': 'reload' %>
     8:     <%= javascript_include_tag 'application', 'data-turbolinks-track': 'reload' %>
     9:   </head>
    10: 
    11:   <body>
  
app/assets/javascripts/application.js:14
app/views/layouts/application.html.erb:8:in `_app_views_layouts_application_html_erb__2707401765481965729_70151937501520'
Started GET "/users" for 127.0.0.1 at 2018-04-04 14:43:26 +0800
  [1m[35m (0.2ms)[0m  [1m[34mSELECT "schema_migrations"."version" FROM "schema_migrations" ORDER BY "schema_migrations"."version" ASC[0m
Processing by UsersController#index as HTML
  Rendering users/index.html.erb within layouts/application
  [1m[36mUser Load (0.3ms)[0m  [1m[34mSELECT "users".* FROM "users"[0m
  Rendered users/index.html.erb within layouts/application (3.6ms)
Completed 200 OK in 2240ms (Views: 2227.4ms | ActiveRecord: 0.6ms)


Started GET "/users" for 127.0.0.1 at 2018-04-04 14:45:34 +0800
  [1m[35m (0.2ms)[0m  [1m[34mSELECT "schema_migrations"."version" FROM "schema_migrations" ORDER BY "schema_migrations"."version" ASC[0m
Processing by UsersController#index as HTML
  Rendering users/index.html.erb within layouts/application
  [1m[36mUser Load (0.2ms)[0m  [1m[34mSELECT "users".* FROM "users"[0m
  Rendered users/index.html.erb within layouts/application (2.9ms)
Completed 200 OK in 1443ms (Views: 1428.9ms | ActiveRecord: 0.4ms)


Started GET "/users" for 127.0.0.1 at 2018-04-04 14:45:43 +0800
Processing by UsersController#index as HTML
  Rendering users/index.html.erb within layouts/application
  [1m[36mUser Load (0.1ms)[0m  [1m[34mSELECT "users".* FROM "users"[0m
  Rendered users/index.html.erb within layouts/application (2.7ms)
Completed 200 OK in 49ms (Views: 44.8ms | ActiveRecord: 0.4ms)


Started GET "/users" for 127.0.0.1 at 2018-04-04 14:46:51 +0800
  [1m[35m (0.1ms)[0m  [1m[34mSELECT "schema_migrations"."version" FROM "schema_migrations" ORDER BY "schema_migrations"."version" ASC[0m
Processing by UsersController#index as HTML
  Rendering users/index.html.erb within layouts/application
  [1m[36mUser Load (0.1ms)[0m  [1m[34mSELECT "users".* FROM "users"[0m
  Rendered users/index.html.erb within layouts/application (2.0ms)
Completed 200 OK in 3827ms (Views: 3816.3ms | ActiveRecord: 0.3ms)


Started GET "/users/new" for 127.0.0.1 at 2018-04-04 14:47:00 +0800
Processing by UsersController#new as HTML
  Rendering users/new.html.erb within layouts/application
  Rendered users/_form.html.erb (18.3ms)
  Rendered users/new.html.erb within layouts/application (22.7ms)
Completed 200 OK in 84ms (Views: 71.2ms | ActiveRecord: 0.8ms)


Started GET "/users.json" for 127.0.0.1 at 2018-04-04 14:47:17 +0800
Processing by UsersController#index as JSON
  Rendering users/index.json.jbuilder
  [1m[36mUser Load (0.1ms)[0m  [1m[34mSELECT "users".* FROM "users"[0m
  Rendered users/index.json.jbuilder (4.1ms)
Completed 200 OK in 14ms (Views: 11.5ms | ActiveRecord: 0.1ms)


Started GET "/users" for 127.0.0.1 at 2018-04-04 14:56:02 +0800
Processing by UsersController#index as HTML
  Rendering users/index.html.erb within layouts/application
  [1m[36mUser Load (0.1ms)[0m  [1m[34mSELECT "users".* FROM "users"[0m
  Rendered users/index.html.erb within layouts/application (1.3ms)
Completed 500 Internal Server Error in 267ms (ActiveRecord: 0.1ms)


  
ActionView::Template::Error (undefined method `erb' for #<#<Class:0x007ff2cfd7a040>:0x007ff2d8803c20>):
     9:   </head>
    10: 
    11:   <body>
    12:     <%= erb :header_menu %>
    13:     <%= yield %>
    14:   </body>
    15: </html>
  
app/views/layouts/application.html.erb:12:in `_app_views_layouts_application_html_erb__230448596774440503_70340495540440'
Started GET "/users" for 127.0.0.1 at 2018-04-04 14:58:17 +0800
Processing by UsersController#index as HTML
  Rendering users/index.html.erb within layouts/application
  [1m[36mUser Load (0.2ms)[0m  [1m[34mSELECT "users".* FROM "users"[0m
  Rendered users/index.html.erb within layouts/application (1.4ms)
Completed 500 Internal Server Error in 70ms (ActiveRecord: 0.2ms)


  
ActionView::Template::Error (Missing partial users/_header_menu, application/_header_menu with {:locale=>[:en], :formats=>[:html], :variants=>[], :handlers=>[:raw, :erb, :html, :builder, :ruby, :coffee, :jbuilder]}. Searched in:
  * "/Users/fincher/Develop/Misc/some_school_homework/grade_4b/FlightBookingSystem/app/views"
):
     9:   </head>
    10: 
    11:   <body>
    12:   <%= render 'header_menu' %>
    13:   <%= yield %>
    14:   </body>
    15: </html>
  
app/views/layouts/application.html.erb:12:in `_app_views_layouts_application_html_erb__230448596774440503_70340479012140'
Started GET "/users" for 127.0.0.1 at 2018-04-04 14:58:58 +0800
Processing by UsersController#index as HTML
  Rendering users/index.html.erb within layouts/application
  [1m[36mUser Load (0.2ms)[0m  [1m[34mSELECT "users".* FROM "users"[0m
  Rendered users/index.html.erb within layouts/application (1.8ms)
  Rendered application/_header_menu.html.erb (0.4ms)
Completed 200 OK in 57ms (Views: 53.5ms | ActiveRecord: 0.2ms)


Started GET "/users" for 127.0.0.1 at 2018-04-04 15:01:15 +0800
Processing by UsersController#index as HTML
  Rendering users/index.html.erb within layouts/application
  [1m[36mUser Load (0.2ms)[0m  [1m[34mSELECT "users".* FROM "users"[0m
  Rendered users/index.html.erb within layouts/application (1.9ms)
  Rendered application/_header_menu.html.erb (0.5ms)
Completed 200 OK in 61ms (Views: 58.2ms | ActiveRecord: 0.2ms)


Started GET "/users" for 127.0.0.1 at 2018-04-04 15:02:09 +0800
Processing by UsersController#index as HTML
  Rendering users/index.html.erb within layouts/application
  [1m[36mUser Load (0.1ms)[0m  [1m[34mSELECT "users".* FROM "users"[0m
  Rendered users/index.html.erb within layouts/application (1.3ms)
  Rendered application/_header_menu.html.erb (0.5ms)
Completed 200 OK in 63ms (Views: 59.2ms | ActiveRecord: 0.1ms)


Started GET "/users" for 127.0.0.1 at 2018-04-04 15:02:44 +0800
Processing by UsersController#index as HTML
  Rendering users/index.html.erb within layouts/application
  [1m[36mUser Load (0.1ms)[0m  [1m[34mSELECT "users".* FROM "users"[0m
  Rendered users/index.html.erb within layouts/application (1.2ms)
  Rendered application/_header_menu.html.erb (0.4ms)
Completed 200 OK in 2529ms (Views: 2525.9ms | ActiveRecord: 0.1ms)


Started GET "/users" for 127.0.0.1 at 2018-04-04 15:06:05 +0800
  [1m[35m (0.2ms)[0m  [1m[34mSELECT "schema_migrations"."version" FROM "schema_migrations" ORDER BY "schema_migrations"."version" ASC[0m
Processing by UsersController#index as HTML
  Rendering users/index.html.erb within layouts/application
  [1m[36mUser Load (0.2ms)[0m  [1m[34mSELECT "users".* FROM "users"[0m
  Rendered users/index.html.erb within layouts/application (3.7ms)
  Rendered application/_header_menu.html.erb (0.3ms)
Completed 200 OK in 425ms (Views: 412.2ms | ActiveRecord: 0.5ms)


Started GET "/users" for 127.0.0.1 at 2018-04-04 15:07:30 +0800
Processing by UsersController#index as HTML
  Rendering users/index.html.erb within layouts/application
  [1m[36mUser Load (0.1ms)[0m  [1m[34mSELECT "users".* FROM "users"[0m
  Rendered users/index.html.erb within layouts/application (1.7ms)
  Rendered application/_header_menu.html.erb (0.4ms)
Completed 200 OK in 3220ms (Views: 3217.8ms | ActiveRecord: 0.3ms)


Started GET "/users" for 127.0.0.1 at 2018-04-04 15:09:32 +0800
Processing by UsersController#index as HTML
  Rendering users/index.html.erb within layouts/application
  [1m[36mUser Load (0.2ms)[0m  [1m[34mSELECT "users".* FROM "users"[0m
  Rendered users/index.html.erb within layouts/application (1.5ms)
  Rendered application/_header_menu.html.erb (0.4ms)
Completed 200 OK in 2718ms (Views: 2711.9ms | ActiveRecord: 0.2ms)


Started GET "/users" for 127.0.0.1 at 2018-04-04 15:10:39 +0800
Processing by UsersController#index as HTML
  Rendering users/index.html.erb within layouts/application
  [1m[36mUser Load (0.2ms)[0m  [1m[34mSELECT "users".* FROM "users"[0m
  Rendered users/index.html.erb within layouts/application (1.4ms)
  Rendered application/_header_menu.html.erb (0.4ms)
Completed 200 OK in 2531ms (Views: 2528.4ms | ActiveRecord: 0.2ms)


Started GET "/users" for 127.0.0.1 at 2018-04-04 15:10:55 +0800
Processing by UsersController#index as HTML
  Rendering users/index.html.erb within layouts/application
  [1m[36mUser Load (0.2ms)[0m  [1m[34mSELECT "users".* FROM "users"[0m
  Rendered users/index.html.erb within layouts/application (1.7ms)
  Rendered application/_header_menu.html.erb (0.4ms)
Completed 200 OK in 2491ms (Views: 2487.8ms | ActiveRecord: 0.2ms)


Started GET "/users" for 127.0.0.1 at 2018-04-04 15:11:03 +0800
Processing by UsersController#index as HTML
  Rendering users/index.html.erb within layouts/application
  [1m[36mUser Load (0.2ms)[0m  [1m[34mSELECT "users".* FROM "users"[0m
  Rendered users/index.html.erb within layouts/application (1.6ms)
  Rendered application/_header_menu.html.erb (0.9ms)
Completed 200 OK in 2544ms (Views: 2539.7ms | ActiveRecord: 0.2ms)


Started GET "/users" for 127.0.0.1 at 2018-04-04 15:12:53 +0800
Processing by UsersController#index as HTML
  Rendering users/index.html.erb within layouts/application
  [1m[36mUser Load (0.2ms)[0m  [1m[34mSELECT "users".* FROM "users"[0m
  Rendered users/index.html.erb within layouts/application (1.9ms)
  Rendered application/_header_menu.html.erb (0.4ms)
Completed 200 OK in 2628ms (Views: 2624.7ms | ActiveRecord: 0.2ms)


Started GET "/users" for 127.0.0.1 at 2018-04-04 15:14:18 +0800
Processing by UsersController#index as HTML
  Rendering users/index.html.erb within layouts/application
  [1m[36mUser Load (0.3ms)[0m  [1m[34mSELECT "users".* FROM "users"[0m
  Rendered users/index.html.erb within layouts/application (2.7ms)
  Rendered application/_header_menu.html.erb (0.5ms)
Completed 200 OK in 81ms (Views: 77.7ms | ActiveRecord: 0.3ms)


Started GET "/users" for 127.0.0.1 at 2018-04-04 15:14:29 +0800
Processing by UsersController#index as HTML
  Rendering users/index.html.erb within layouts/application
  [1m[36mUser Load (0.2ms)[0m  [1m[34mSELECT "users".* FROM "users"[0m
  Rendered users/index.html.erb within layouts/application (1.5ms)
  Rendered application/_header_menu.html.erb (0.5ms)
Completed 200 OK in 66ms (Views: 62.7ms | ActiveRecord: 0.2ms)


Started GET "/users" for 127.0.0.1 at 2018-04-04 15:14:42 +0800
Processing by UsersController#index as HTML
  Rendering users/index.html.erb within layouts/application
  [1m[36mUser Load (0.3ms)[0m  [1m[34mSELECT "users".* FROM "users"[0m
  Rendered users/index.html.erb within layouts/application (1.6ms)
  Rendered application/_header_menu.html.erb (0.6ms)
Completed 200 OK in 67ms (Views: 63.7ms | ActiveRecord: 0.3ms)


Started GET "/users" for 127.0.0.1 at 2018-04-04 15:14:58 +0800
Processing by UsersController#index as HTML
  Rendering users/index.html.erb within layouts/application
  [1m[36mUser Load (0.1ms)[0m  [1m[34mSELECT "users".* FROM "users"[0m
  Rendered users/index.html.erb within layouts/application (1.3ms)
  Rendered application/_header_menu.html.erb (0.5ms)
Completed 200 OK in 60ms (Views: 54.9ms | ActiveRecord: 0.1ms)


Started GET "/users" for 127.0.0.1 at 2018-04-04 15:15:52 +0800
Processing by UsersController#index as HTML
  Rendering users/index.html.erb within layouts/application
  [1m[36mUser Load (0.2ms)[0m  [1m[34mSELECT "users".* FROM "users"[0m
  Rendered users/index.html.erb within layouts/application (1.5ms)
  Rendered application/_header_menu.html.erb (0.4ms)
Completed 200 OK in 73ms (Views: 69.6ms | ActiveRecord: 0.2ms)


Started GET "/users" for 127.0.0.1 at 2018-04-04 15:16:18 +0800
Processing by UsersController#index as HTML
  Rendering users/index.html.erb within layouts/application
  [1m[36mUser Load (0.1ms)[0m  [1m[34mSELECT "users".* FROM "users"[0m
  Rendered users/index.html.erb within layouts/application (1.2ms)
  Rendered application/_header_menu.html.erb (0.4ms)
Completed 200 OK in 61ms (Views: 58.2ms | ActiveRecord: 0.1ms)


Started GET "/users" for 127.0.0.1 at 2018-04-04 15:16:37 +0800
Processing by UsersController#index as HTML
  Rendering users/index.html.erb within layouts/application
  [1m[36mUser Load (0.3ms)[0m  [1m[34mSELECT "users".* FROM "users"[0m
  Rendered users/index.html.erb within layouts/application (1.6ms)
  Rendered application/_header_menu.html.erb (0.4ms)
Completed 200 OK in 62ms (Views: 58.7ms | ActiveRecord: 0.3ms)


Started GET "/users" for 127.0.0.1 at 2018-04-04 15:17:15 +0800
Processing by UsersController#index as HTML
  Rendering users/index.html.erb within layouts/application
  [1m[36mUser Load (0.2ms)[0m  [1m[34mSELECT "users".* FROM "users"[0m
  Rendered users/index.html.erb within layouts/application (1.7ms)
  Rendered application/_header_menu.html.erb (0.4ms)
  Rendered application/_footer_menu.html.erb (0.5ms)
Completed 200 OK in 111ms (Views: 105.5ms | ActiveRecord: 0.2ms)


Started GET "/users" for 127.0.0.1 at 2018-04-04 15:20:59 +0800
Processing by UsersController#index as HTML
  Rendering users/index.html.erb within layouts/application
  [1m[36mUser Load (0.1ms)[0m  [1m[34mSELECT "users".* FROM "users"[0m
  Rendered users/index.html.erb within layouts/application (3.5ms)
  Rendered application/_header_menu.html.erb (0.5ms)
  Rendered application/_footer_menu.html.erb (0.4ms)
Completed 200 OK in 89ms (Views: 78.8ms | ActiveRecord: 0.7ms)


Started GET "/users" for 127.0.0.1 at 2018-04-04 15:21:12 +0800
Processing by UsersController#index as HTML
  Rendering users/index.html.erb within layouts/application
  [1m[36mUser Load (0.3ms)[0m  [1m[34mSELECT "users".* FROM "users"[0m
  Rendered users/index.html.erb within layouts/application (2.1ms)
  Rendered application/_header_menu.html.erb (0.4ms)
  Rendered application/_footer_menu.html.erb (0.4ms)
Completed 200 OK in 84ms (Views: 80.6ms | ActiveRecord: 0.3ms)


Started GET "/users" for 127.0.0.1 at 2018-04-04 15:21:24 +0800
Processing by UsersController#index as HTML
  Rendering users/index.html.erb within layouts/application
  [1m[36mUser Load (0.2ms)[0m  [1m[34mSELECT "users".* FROM "users"[0m
  Rendered users/index.html.erb within layouts/application (1.4ms)
  Rendered application/_header_menu.html.erb (0.6ms)
  Rendered application/_footer_menu.html.erb (0.5ms)
Completed 200 OK in 69ms (Views: 66.2ms | ActiveRecord: 0.2ms)


Started GET "/users" for 127.0.0.1 at 2018-04-04 15:21:34 +0800
Processing by UsersController#index as HTML
  Rendering users/index.html.erb within layouts/application
  [1m[36mUser Load (0.2ms)[0m  [1m[34mSELECT "users".* FROM "users"[0m
  Rendered users/index.html.erb within layouts/application (1.4ms)
  Rendered application/_header_menu.html.erb (0.5ms)
  Rendered application/_footer_menu.html.erb (0.4ms)
Completed 200 OK in 72ms (Views: 69.2ms | ActiveRecord: 0.2ms)


Started GET "/users" for 127.0.0.1 at 2018-04-04 15:25:56 +0800
  [1m[35m (0.2ms)[0m  [1m[34mSELECT "schema_migrations"."version" FROM "schema_migrations" ORDER BY "schema_migrations"."version" ASC[0m
Processing by UsersController#index as HTML
  Rendering users/index.html.erb within layouts/application
  [1m[36mUser Load (0.2ms)[0m  [1m[34mSELECT "users".* FROM "users"[0m
  Rendered users/index.html.erb within layouts/application (3.0ms)
  Rendered application/_header_menu.html.erb (0.5ms)
  Rendered application/_footer_menu.html.erb (0.4ms)
Completed 200 OK in 5425ms (Views: 5411.6ms | ActiveRecord: 0.4ms)


Started GET "/users" for 127.0.0.1 at 2018-04-04 15:29:31 +0800
  [1m[35m (0.6ms)[0m  [1m[34mSELECT "schema_migrations"."version" FROM "schema_migrations" ORDER BY "schema_migrations"."version" ASC[0m
Processing by UsersController#index as HTML
  Rendering users/index.html.erb within layouts/application
  [1m[36mUser Load (0.6ms)[0m  [1m[34mSELECT "users".* FROM "users"[0m
  Rendered users/index.html.erb within layouts/application (3.6ms)
  Rendered application/_header_menu.html.erb (0.4ms)
  Rendered application/_footer_menu.html.erb (0.2ms)
Completed 200 OK in 6196ms (Views: 6182.7ms | ActiveRecord: 0.9ms)


Started GET "/users" for 127.0.0.1 at 2018-04-04 15:29:59 +0800
Processing by UsersController#index as HTML
  Rendering users/index.html.erb within layouts/application
  [1m[36mUser Load (0.3ms)[0m  [1m[34mSELECT "users".* FROM "users"[0m
  Rendered users/index.html.erb within layouts/application (2.0ms)
  Rendered application/_header_menu.html.erb (0.4ms)
  Rendered application/_footer_menu.html.erb (0.3ms)
Completed 200 OK in 78ms (Views: 73.0ms | ActiveRecord: 0.3ms)


Started GET "/users" for 127.0.0.1 at 2018-04-04 15:30:36 +0800
Processing by UsersController#index as HTML
  Rendering users/index.html.erb within layouts/application
  [1m[36mUser Load (0.2ms)[0m  [1m[34mSELECT "users".* FROM "users"[0m
  Rendered users/index.html.erb within layouts/application (1.9ms)
  Rendered application/_header_menu.html.erb (0.5ms)
  Rendered application/_footer_menu.html.erb (0.5ms)
Completed 200 OK in 138ms (Views: 130.9ms | ActiveRecord: 0.2ms)


Started GET "/users" for 127.0.0.1 at 2018-04-04 15:30:45 +0800
Processing by UsersController#index as HTML
  Rendering users/index.html.erb within layouts/application
  [1m[36mUser Load (0.3ms)[0m  [1m[34mSELECT "users".* FROM "users"[0m
  Rendered users/index.html.erb within layouts/application (4.5ms)
  Rendered application/_header_menu.html.erb (0.5ms)
  Rendered application/_footer_menu.html.erb (0.3ms)
Completed 200 OK in 124ms (Views: 113.2ms | ActiveRecord: 0.3ms)


Started GET "/users" for 127.0.0.1 at 2018-04-04 15:31:42 +0800
Processing by UsersController#index as HTML
  Rendering users/index.html.erb within layouts/application
  [1m[36mUser Load (0.1ms)[0m  [1m[34mSELECT "users".* FROM "users"[0m
  Rendered users/index.html.erb within layouts/application (1.1ms)
  Rendered application/_header_menu.html.erb (0.4ms)
  Rendered application/_footer_menu.html.erb (0.4ms)
Completed 200 OK in 73ms (Views: 69.8ms | ActiveRecord: 0.1ms)


Started GET "/users" for 127.0.0.1 at 2018-04-04 15:31:59 +0800
Processing by UsersController#index as HTML
  Rendering users/index.html.erb within layouts/application
  [1m[36mUser Load (0.3ms)[0m  [1m[34mSELECT "users".* FROM "users"[0m
  Rendered users/index.html.erb within layouts/application (2.8ms)
  Rendered application/_header_menu.html.erb (0.4ms)
  Rendered application/_footer_menu.html.erb (0.3ms)
Completed 200 OK in 97ms (Views: 92.8ms | ActiveRecord: 0.3ms)


Started GET "/users" for 127.0.0.1 at 2018-04-04 15:32:04 +0800
Processing by UsersController#index as HTML
  Rendering users/index.html.erb within layouts/application
  [1m[36mUser Load (0.1ms)[0m  [1m[34mSELECT "users".* FROM "users"[0m
  Rendered users/index.html.erb within layouts/application (1.3ms)
  Rendered application/_header_menu.html.erb (0.3ms)
  Rendered application/_footer_menu.html.erb (0.3ms)
Completed 200 OK in 139ms (Views: 135.0ms | ActiveRecord: 0.1ms)


Started GET "/users" for 127.0.0.1 at 2018-04-04 15:32:19 +0800
Processing by UsersController#index as HTML
  Rendering users/index.html.erb within layouts/application
  [1m[36mUser Load (0.2ms)[0m  [1m[34mSELECT "users".* FROM "users"[0m
  Rendered users/index.html.erb within layouts/application (1.6ms)
  Rendered application/_header_menu.html.erb (0.3ms)
  Rendered application/_footer_menu.html.erb (0.3ms)
Completed 200 OK in 79ms (Views: 75.1ms | ActiveRecord: 0.2ms)


Started GET "/users" for 127.0.0.1 at 2018-04-04 15:32:31 +0800
Processing by UsersController#index as HTML
  Rendering users/index.html.erb within layouts/application
  [1m[36mUser Load (0.2ms)[0m  [1m[34mSELECT "users".* FROM "users"[0m
  Rendered users/index.html.erb within layouts/application (1.5ms)
  Rendered application/_header_menu.html.erb (0.4ms)
  Rendered application/_footer_menu.html.erb (0.3ms)
Completed 200 OK in 87ms (Views: 81.8ms | ActiveRecord: 0.2ms)


Started GET "/users" for 127.0.0.1 at 2018-04-04 15:33:22 +0800
Processing by UsersController#index as HTML
  Rendering users/index.html.erb within layouts/application
  [1m[36mUser Load (0.2ms)[0m  [1m[34mSELECT "users".* FROM "users"[0m
  Rendered users/index.html.erb within layouts/application (1.9ms)
  Rendered application/_header_menu.html.erb (0.5ms)
  Rendered application/_footer_menu.html.erb (0.3ms)
Completed 200 OK in 112ms (Views: 104.3ms | ActiveRecord: 0.2ms)


Started GET "/users" for 127.0.0.1 at 2018-04-04 15:34:17 +0800
Processing by UsersController#index as HTML
  Rendering users/index.html.erb within layouts/application
  [1m[36mUser Load (0.1ms)[0m  [1m[34mSELECT "users".* FROM "users"[0m
  Rendered users/index.html.erb within layouts/application (1.2ms)
  Rendered application/_header_menu.html.erb (0.3ms)
  Rendered application/_footer_menu.html.erb (0.3ms)
Completed 200 OK in 65ms (Views: 62.1ms | ActiveRecord: 0.1ms)


Started GET "/users/new" for 127.0.0.1 at 2018-04-04 15:34:26 +0800
Processing by UsersController#new as HTML
  Rendering users/new.html.erb within layouts/application
  Rendered users/_form.html.erb (18.5ms)
  Rendered users/new.html.erb within layouts/application (23.2ms)
  Rendered application/_header_menu.html.erb (0.3ms)
  Rendered application/_footer_menu.html.erb (0.4ms)
Completed 200 OK in 86ms (Views: 76.1ms | ActiveRecord: 0.4ms)


Started GET "/users/new" for 127.0.0.1 at 2018-04-04 15:35:34 +0800
Processing by UsersController#new as HTML
  Rendering users/new.html.erb within layouts/application
  Rendered users/_form.html.erb (1.7ms)
  Rendered users/new.html.erb within layouts/application (4.0ms)
  Rendered application/_header_menu.html.erb (0.3ms)
  Rendered application/_footer_menu.html.erb (0.5ms)
Completed 200 OK in 68ms (Views: 65.3ms | ActiveRecord: 0.0ms)


Started GET "/users/new" for 127.0.0.1 at 2018-04-04 15:35:40 +0800
Processing by UsersController#new as HTML
  Rendering users/new.html.erb within layouts/application
  Rendered users/_form.html.erb (4.9ms)
  Rendered users/new.html.erb within layouts/application (8.2ms)
  Rendered application/_header_menu.html.erb (0.5ms)
  Rendered application/_footer_menu.html.erb (0.6ms)
Completed 200 OK in 92ms (Views: 89.6ms | ActiveRecord: 0.0ms)


Started GET "/users/new" for 127.0.0.1 at 2018-04-04 15:35:53 +0800
Processing by UsersController#new as HTML
  Rendering users/new.html.erb within layouts/application
  Rendered users/_form.html.erb (3.6ms)
  Rendered users/new.html.erb within layouts/application (8.0ms)
  Rendered application/_header_menu.html.erb (0.4ms)
  Rendered application/_footer_menu.html.erb (0.5ms)
Completed 200 OK in 137ms (Views: 132.0ms | ActiveRecord: 0.0ms)


Started GET "/users/new" for 127.0.0.1 at 2018-04-04 15:36:12 +0800
Processing by UsersController#new as HTML
  Rendering users/new.html.erb within layouts/application
  Rendered users/_form.html.erb (3.7ms)
  Rendered users/new.html.erb within layouts/application (7.8ms)
  Rendered application/_header_menu.html.erb (0.4ms)
  Rendered application/_footer_menu.html.erb (0.6ms)
Completed 200 OK in 119ms (Views: 116.2ms | ActiveRecord: 0.0ms)


Started GET "/users/new" for 127.0.0.1 at 2018-04-04 15:36:19 +0800
Processing by UsersController#new as HTML
  Rendering users/new.html.erb within layouts/application
  Rendered users/_form.html.erb (2.2ms)
  Rendered users/new.html.erb within layouts/application (4.9ms)
  Rendered application/_header_menu.html.erb (0.3ms)
  Rendered application/_footer_menu.html.erb (0.2ms)
Completed 200 OK in 72ms (Views: 69.1ms | ActiveRecord: 0.0ms)


Started GET "/users/new" for 127.0.0.1 at 2018-04-04 15:36:23 +0800
Processing by UsersController#new as HTML
  Rendering users/new.html.erb within layouts/application
  Rendered users/_form.html.erb (4.1ms)
  Rendered users/new.html.erb within layouts/application (8.1ms)
  Rendered application/_header_menu.html.erb (0.3ms)
  Rendered application/_footer_menu.html.erb (0.2ms)
Completed 200 OK in 85ms (Views: 81.9ms | ActiveRecord: 0.0ms)


Started GET "/users/new" for 127.0.0.1 at 2018-04-04 15:36:23 +0800
Processing by UsersController#new as HTML
  Rendering users/new.html.erb within layouts/application
  Rendered users/_form.html.erb (2.4ms)
  Rendered users/new.html.erb within layouts/application (7.6ms)
  Rendered application/_header_menu.html.erb (0.3ms)
  Rendered application/_footer_menu.html.erb (0.2ms)
Completed 200 OK in 76ms (Views: 73.5ms | ActiveRecord: 0.0ms)


Started GET "/users/new" for 127.0.0.1 at 2018-04-04 15:36:24 +0800
Processing by UsersController#new as HTML
  Rendering users/new.html.erb within layouts/application
  Rendered users/_form.html.erb (3.1ms)
  Rendered users/new.html.erb within layouts/application (6.4ms)
  Rendered application/_header_menu.html.erb (0.3ms)
  Rendered application/_footer_menu.html.erb (0.3ms)
Completed 200 OK in 100ms (Views: 95.7ms | ActiveRecord: 0.0ms)


Started GET "/users/new" for 127.0.0.1 at 2018-04-04 15:36:53 +0800
Processing by UsersController#new as HTML
  Rendering users/new.html.erb within layouts/application
  Rendered users/_form.html.erb (2.1ms)
  Rendered users/new.html.erb within layouts/application (4.6ms)
  Rendered application/_header_menu.html.erb (0.2ms)
  Rendered application/_footer_menu.html.erb (0.2ms)
Completed 200 OK in 61ms (Views: 57.6ms | ActiveRecord: 0.0ms)


Started GET "/users/new" for 127.0.0.1 at 2018-04-04 15:37:02 +0800
Processing by UsersController#new as HTML
  Rendering users/new.html.erb within layouts/application
  Rendered users/_form.html.erb (2.0ms)
  Rendered users/new.html.erb within layouts/application (4.3ms)
  Rendered application/_header_menu.html.erb (0.3ms)
  Rendered application/_footer_menu.html.erb (0.3ms)
Completed 200 OK in 75ms (Views: 70.8ms | ActiveRecord: 0.0ms)


Started GET "/users/new" for 127.0.0.1 at 2018-04-04 15:37:13 +0800
Processing by UsersController#new as HTML
  Rendering users/new.html.erb within layouts/application
  Rendered users/_form.html.erb (2.3ms)
  Rendered users/new.html.erb within layouts/application (5.4ms)
  Rendered application/_header_menu.html.erb (0.4ms)
  Rendered application/_footer_menu.html.erb (0.4ms)
Completed 200 OK in 101ms (Views: 94.5ms | ActiveRecord: 0.0ms)


Started GET "/users/new" for 127.0.0.1 at 2018-04-04 15:37:48 +0800
Processing by UsersController#new as HTML
  Rendering users/new.html.erb within layouts/application
  Rendered users/_form.html.erb (2.4ms)
  Rendered users/new.html.erb within layouts/application (5.2ms)
  Rendered application/_header_menu.html.erb (0.4ms)
  Rendered application/_footer_menu.html.erb (0.5ms)
Completed 200 OK in 90ms (Views: 86.9ms | ActiveRecord: 0.0ms)


Started GET "/users/new" for 127.0.0.1 at 2018-04-04 15:38:10 +0800
Processing by UsersController#new as HTML
  Rendering users/new.html.erb within layouts/application
  Rendered users/_form.html.erb (2.8ms)
  Rendered users/new.html.erb within layouts/application (14.3ms)
  Rendered application/_header_menu.html.erb (0.3ms)
  Rendered application/_footer_menu.html.erb (0.3ms)
Completed 200 OK in 144ms (Views: 139.9ms | ActiveRecord: 0.0ms)


Started GET "/users/new" for 127.0.0.1 at 2018-04-04 15:38:15 +0800
Processing by UsersController#new as HTML
  Rendering users/new.html.erb within layouts/application
  Rendered users/_form.html.erb (6.3ms)
  Rendered users/new.html.erb within layouts/application (12.0ms)
  Rendered application/_header_menu.html.erb (0.3ms)
  Rendered application/_footer_menu.html.erb (0.3ms)
Completed 200 OK in 88ms (Views: 84.4ms | ActiveRecord: 0.0ms)


Started GET "/users" for 127.0.0.1 at 2018-04-04 15:38:26 +0800
Processing by UsersController#index as HTML
  Rendering users/index.html.erb within layouts/application
  [1m[36mUser Load (0.2ms)[0m  [1m[34mSELECT "users".* FROM "users"[0m
  Rendered users/index.html.erb within layouts/application (1.8ms)
  Rendered application/_header_menu.html.erb (0.3ms)
  Rendered application/_footer_menu.html.erb (0.3ms)
Completed 200 OK in 82ms (Views: 73.9ms | ActiveRecord: 0.2ms)


Started GET "/users" for 127.0.0.1 at 2018-04-04 15:38:49 +0800
Processing by UsersController#index as HTML
  Rendering users/index.html.erb within layouts/application
  [1m[36mUser Load (0.1ms)[0m  [1m[34mSELECT "users".* FROM "users"[0m
  Rendered users/index.html.erb within layouts/application (1.3ms)
  Rendered application/_header_menu.html.erb (0.3ms)
  Rendered application/_footer_menu.html.erb (0.3ms)
Completed 200 OK in 66ms (Views: 62.8ms | ActiveRecord: 0.1ms)


Started GET "/users" for 127.0.0.1 at 2018-04-04 15:40:05 +0800
Processing by UsersController#index as HTML
  Rendering users/index.html.erb within layouts/application
  [1m[36mUser Load (0.2ms)[0m  [1m[34mSELECT "users".* FROM "users"[0m
  Rendered users/index.html.erb within layouts/application (1.4ms)
  Rendered application/_header_menu.html.erb (0.4ms)
  Rendered application/_footer_menu.html.erb (0.4ms)
Completed 200 OK in 86ms (Views: 82.8ms | ActiveRecord: 0.2ms)


Started GET "/users" for 127.0.0.1 at 2018-04-04 15:40:16 +0800
Processing by UsersController#index as HTML
  Rendering users/index.html.erb within layouts/application
  [1m[36mUser Load (0.2ms)[0m  [1m[34mSELECT "users".* FROM "users"[0m
  Rendered users/index.html.erb within layouts/application (1.3ms)
  Rendered application/_header_menu.html.erb (0.5ms)
  Rendered application/_footer_menu.html.erb (0.4ms)
Completed 200 OK in 121ms (Views: 116.3ms | ActiveRecord: 0.2ms)


Started GET "/users" for 127.0.0.1 at 2018-04-04 15:40:34 +0800
Processing by UsersController#index as HTML
  Rendering users/index.html.erb within layouts/application
  [1m[36mUser Load (0.2ms)[0m  [1m[34mSELECT "users".* FROM "users"[0m
  Rendered users/index.html.erb within layouts/application (1.5ms)
  Rendered application/_header_menu.html.erb (0.3ms)
  Rendered application/_footer_menu.html.erb (0.4ms)
Completed 200 OK in 82ms (Views: 78.3ms | ActiveRecord: 0.2ms)


Started GET "/users" for 127.0.0.1 at 2018-04-04 15:41:58 +0800
Processing by UsersController#index as HTML
  Rendering users/index.html.erb within layouts/application
  [1m[36mUser Load (0.2ms)[0m  [1m[34mSELECT "users".* FROM "users"[0m
  Rendered users/index.html.erb within layouts/application (2.4ms)
  Rendered application/_header_menu.html.erb (0.5ms)
  Rendered application/_footer_menu.html.erb (0.3ms)
Completed 200 OK in 109ms (Views: 104.4ms | ActiveRecord: 0.2ms)


Started GET "/users" for 127.0.0.1 at 2018-04-04 15:43:15 +0800
Processing by UsersController#index as HTML
  Rendering users/index.html.erb within layouts/application
  [1m[36mUser Load (0.2ms)[0m  [1m[34mSELECT "users".* FROM "users"[0m
  Rendered users/index.html.erb within layouts/application (2.6ms)
  Rendered application/_header_menu.html.erb (0.6ms)
  Rendered application/_footer_menu.html.erb (0.3ms)
Completed 200 OK in 95ms (Views: 91.5ms | ActiveRecord: 0.2ms)


Started GET "/users" for 127.0.0.1 at 2018-04-04 15:43:25 +0800
Processing by UsersController#index as HTML
  Rendering users/index.html.erb within layouts/application
  [1m[36mUser Load (1.2ms)[0m  [1m[34mSELECT "users".* FROM "users"[0m
  Rendered users/index.html.erb within layouts/application (5.8ms)
  Rendered application/_header_menu.html.erb (0.5ms)
  Rendered application/_footer_menu.html.erb (0.4ms)
Completed 200 OK in 107ms (Views: 102.8ms | ActiveRecord: 1.2ms)


Started GET "/users" for 127.0.0.1 at 2018-04-04 15:43:46 +0800
Processing by UsersController#index as HTML
  Rendering users/index.html.erb within layouts/application
  [1m[36mUser Load (0.2ms)[0m  [1m[34mSELECT "users".* FROM "users"[0m
  Rendered users/index.html.erb within layouts/application (2.0ms)
  Rendered application/_header_menu.html.erb (0.5ms)
  Rendered application/_footer_menu.html.erb (0.5ms)
Completed 200 OK in 114ms (Views: 104.9ms | ActiveRecord: 0.2ms)


Started GET "/users" for 127.0.0.1 at 2018-04-04 15:44:04 +0800
Processing by UsersController#index as HTML
  Rendering users/index.html.erb within layouts/application
  [1m[36mUser Load (0.2ms)[0m  [1m[34mSELECT "users".* FROM "users"[0m
  Rendered users/index.html.erb within layouts/application (1.3ms)
  Rendered application/_header_menu.html.erb (0.3ms)
  Rendered application/_footer_menu.html.erb (0.3ms)
Completed 200 OK in 68ms (Views: 64.6ms | ActiveRecord: 0.2ms)


Started GET "/users" for 127.0.0.1 at 2018-04-04 15:44:29 +0800
Processing by UsersController#index as HTML
  Rendering users/index.html.erb within layouts/application
  [1m[36mUser Load (0.2ms)[0m  [1m[34mSELECT "users".* FROM "users"[0m
  Rendered users/index.html.erb within layouts/application (1.3ms)
  Rendered application/_header_menu.html.erb (0.4ms)
  Rendered application/_footer_menu.html.erb (0.3ms)
Completed 200 OK in 80ms (Views: 76.0ms | ActiveRecord: 0.2ms)


Started GET "/users" for 127.0.0.1 at 2018-04-04 15:45:14 +0800
Processing by UsersController#index as HTML
  Rendering users/index.html.erb within layouts/application
  [1m[36mUser Load (0.1ms)[0m  [1m[34mSELECT "users".* FROM "users"[0m
  Rendered users/index.html.erb within layouts/application (1.3ms)
  Rendered application/_header_menu.html.erb (0.6ms)
  Rendered application/_footer_menu.html.erb (0.3ms)
Completed 200 OK in 67ms (Views: 64.3ms | ActiveRecord: 0.1ms)


Started GET "/users" for 127.0.0.1 at 2018-04-04 15:46:08 +0800
Processing by UsersController#index as HTML
  Rendering users/index.html.erb within layouts/application
  [1m[36mUser Load (0.1ms)[0m  [1m[34mSELECT "users".* FROM "users"[0m
  Rendered users/index.html.erb within layouts/application (1.5ms)
  Rendered application/_header_menu.html.erb (0.5ms)
  Rendered application/_footer_menu.html.erb (0.3ms)
Completed 200 OK in 64ms (Views: 61.3ms | ActiveRecord: 0.1ms)


Started GET "/users" for 127.0.0.1 at 2018-04-04 15:46:26 +0800
Processing by UsersController#index as HTML
  Rendering users/index.html.erb within layouts/application
  [1m[36mUser Load (0.1ms)[0m  [1m[34mSELECT "users".* FROM "users"[0m
  Rendered users/index.html.erb within layouts/application (1.1ms)
  Rendered application/_header_menu.html.erb (0.4ms)
  Rendered application/_footer_menu.html.erb (0.3ms)
Completed 200 OK in 58ms (Views: 55.4ms | ActiveRecord: 0.1ms)


Started GET "/users" for 127.0.0.1 at 2018-04-04 15:46:34 +0800
Processing by UsersController#index as HTML
  Rendering users/index.html.erb within layouts/application
  [1m[36mUser Load (0.1ms)[0m  [1m[34mSELECT "users".* FROM "users"[0m
  Rendered users/index.html.erb within layouts/application (1.1ms)
  Rendered application/_header_menu.html.erb (0.3ms)
  Rendered application/_footer_menu.html.erb (0.3ms)
Completed 200 OK in 61ms (Views: 57.0ms | ActiveRecord: 0.1ms)


Started GET "/users" for 127.0.0.1 at 2018-04-04 15:47:06 +0800
Processing by UsersController#index as HTML
  Rendering users/index.html.erb within layouts/application
  [1m[36mUser Load (0.2ms)[0m  [1m[34mSELECT "users".* FROM "users"[0m
  Rendered users/index.html.erb within layouts/application (1.9ms)
  Rendered application/_header_menu.html.erb (0.3ms)
  Rendered application/_footer_menu.html.erb (0.3ms)
Completed 200 OK in 66ms (Views: 62.6ms | ActiveRecord: 0.2ms)


Started GET "/users" for 127.0.0.1 at 2018-04-04 15:47:31 +0800
Processing by UsersController#index as HTML
  Rendering users/index.html.erb within layouts/application
  [1m[36mUser Load (0.2ms)[0m  [1m[34mSELECT "users".* FROM "users"[0m
  Rendered users/index.html.erb within layouts/application (1.4ms)
  Rendered application/_header_menu.html.erb (0.4ms)
  Rendered application/_footer_menu.html.erb (0.4ms)
Completed 200 OK in 69ms (Views: 65.9ms | ActiveRecord: 0.2ms)


Started GET "/users" for 127.0.0.1 at 2018-04-04 15:47:35 +0800
Processing by UsersController#index as HTML
  Rendering users/index.html.erb within layouts/application
  [1m[36mUser Load (0.2ms)[0m  [1m[34mSELECT "users".* FROM "users"[0m
  Rendered users/index.html.erb within layouts/application (1.6ms)
  Rendered application/_header_menu.html.erb (0.4ms)
  Rendered application/_footer_menu.html.erb (0.4ms)
Completed 200 OK in 94ms (Views: 85.2ms | ActiveRecord: 0.2ms)


Started GET "/users" for 127.0.0.1 at 2018-04-04 15:47:40 +0800
Processing by UsersController#index as HTML
  Rendering users/index.html.erb within layouts/application
  [1m[36mUser Load (0.2ms)[0m  [1m[34mSELECT "users".* FROM "users"[0m
  Rendered users/index.html.erb within layouts/application (1.9ms)
  Rendered application/_header_menu.html.erb (0.4ms)
  Rendered application/_footer_menu.html.erb (0.4ms)
Completed 200 OK in 84ms (Views: 77.9ms | ActiveRecord: 0.2ms)


Started GET "/users" for 127.0.0.1 at 2018-04-04 15:47:41 +0800
Processing by UsersController#index as HTML
  Rendering users/index.html.erb within layouts/application
  [1m[36mUser Load (0.1ms)[0m  [1m[34mSELECT "users".* FROM "users"[0m
  Rendered users/index.html.erb within layouts/application (1.2ms)
  Rendered application/_header_menu.html.erb (0.3ms)
  Rendered application/_footer_menu.html.erb (0.2ms)
Completed 200 OK in 64ms (Views: 61.7ms | ActiveRecord: 0.1ms)


Started GET "/users" for 127.0.0.1 at 2018-04-04 15:47:45 +0800
Processing by UsersController#index as HTML
  Rendering users/index.html.erb within layouts/application
  [1m[36mUser Load (0.1ms)[0m  [1m[34mSELECT "users".* FROM "users"[0m
  Rendered users/index.html.erb within layouts/application (1.4ms)
  Rendered application/_header_menu.html.erb (0.3ms)
  Rendered application/_footer_menu.html.erb (0.2ms)
Completed 200 OK in 68ms (Views: 63.8ms | ActiveRecord: 0.1ms)


Started GET "/users" for 127.0.0.1 at 2018-04-04 15:47:51 +0800
Processing by UsersController#index as HTML
  Rendering users/index.html.erb within layouts/application
  [1m[36mUser Load (0.1ms)[0m  [1m[34mSELECT "users".* FROM "users"[0m
  Rendered users/index.html.erb within layouts/application (1.4ms)
  Rendered application/_header_menu.html.erb (0.3ms)
  Rendered application/_footer_menu.html.erb (0.3ms)
Completed 200 OK in 70ms (Views: 66.3ms | ActiveRecord: 0.1ms)


Started GET "/users" for 127.0.0.1 at 2018-04-04 15:48:02 +0800
Processing by UsersController#index as HTML
  Rendering users/index.html.erb within layouts/application
  [1m[36mUser Load (0.2ms)[0m  [1m[34mSELECT "users".* FROM "users"[0m
  Rendered users/index.html.erb within layouts/application (1.9ms)
  Rendered application/_header_menu.html.erb (0.3ms)
  Rendered application/_footer_menu.html.erb (0.3ms)
Completed 200 OK in 68ms (Views: 65.2ms | ActiveRecord: 0.2ms)


Started GET "/users" for 127.0.0.1 at 2018-04-04 15:48:23 +0800
Processing by UsersController#index as HTML
  Rendering users/index.html.erb within layouts/application
  [1m[36mUser Load (0.2ms)[0m  [1m[34mSELECT "users".* FROM "users"[0m
  Rendered users/index.html.erb within layouts/application (2.0ms)
  Rendered application/_header_menu.html.erb (0.4ms)
  Rendered application/_footer_menu.html.erb (0.5ms)
Completed 200 OK in 88ms (Views: 83.6ms | ActiveRecord: 0.2ms)


Started GET "/users/new" for 127.0.0.1 at 2018-04-04 15:48:26 +0800
Processing by UsersController#new as HTML
  Rendering users/new.html.erb within layouts/application
  Rendered users/_form.html.erb (4.4ms)
  Rendered users/new.html.erb within layouts/application (11.5ms)
  Rendered application/_header_menu.html.erb (0.3ms)
  Rendered application/_footer_menu.html.erb (0.3ms)
Completed 200 OK in 90ms (Views: 81.1ms | ActiveRecord: 0.0ms)


Started GET "/users" for 127.0.0.1 at 2018-04-04 15:50:48 +0800
Processing by UsersController#index as HTML
  Rendering users/index.html.erb within layouts/application
  [1m[36mUser Load (0.1ms)[0m  [1m[34mSELECT "users".* FROM "users"[0m
  Rendered users/index.html.erb within layouts/application (1.3ms)
  Rendered application/_header_menu.html.erb (0.3ms)
  Rendered application/_footer_menu.html.erb (0.3ms)
Completed 200 OK in 89ms (Views: 86.3ms | ActiveRecord: 0.1ms)


Started GET "/users/new" for 127.0.0.1 at 2018-04-04 15:50:50 +0800
Processing by UsersController#new as HTML
  Rendering users/new.html.erb within layouts/application
  Rendered users/_form.html.erb (5.9ms)
  Rendered users/new.html.erb within layouts/application (11.1ms)
  Rendered application/_header_menu.html.erb (0.6ms)
  Rendered application/_footer_menu.html.erb (0.3ms)
Completed 200 OK in 99ms (Views: 90.9ms | ActiveRecord: 0.0ms)


Started GET "/users/new" for 127.0.0.1 at 2018-04-04 15:50:52 +0800
Processing by UsersController#new as HTML
  Rendering users/new.html.erb within layouts/application
  Rendered users/_form.html.erb (2.9ms)
  Rendered users/new.html.erb within layouts/application (7.0ms)
  Rendered application/_header_menu.html.erb (0.3ms)
  Rendered application/_footer_menu.html.erb (0.3ms)
Completed 200 OK in 96ms (Views: 92.8ms | ActiveRecord: 0.0ms)


